<?xml version="1.0" encoding="UTF-8"?>
<!-- Generated by org.testng.reporters.JUnitReportReporter -->
<testsuite hostname="BUK30LAP4000760" failures="0" tests="1" name="SampleTest" time="9.257" errors="0" timestamp="2022-05-05T09:00:02 EEST" skipped="0">
  <testcase classname="SampleTest" name="Test1" time="9.257"/>
  <system-out/>
</testsuite> <!-- SampleTest -->
