<?xml version="1.0" encoding="UTF-8"?>
<!-- Generated by org.testng.reporters.JUnitReportReporter -->
<testsuite hostname="BUK30LAP4000760" failures="0" tests="1" name="SampleTest" time="12.216" errors="0" timestamp="2022-05-19T11:38:52 EEST" skipped="0">
  <testcase classname="SampleTest" name="Test1" time="12.216"/>
  <system-out/>
</testsuite> <!-- SampleTest -->
