<?xml version="1.0" encoding="UTF-8"?>
<!-- Generated by org.testng.reporters.JUnitReportReporter -->
<testsuite hostname="BUK30LAP4000760" failures="0" tests="1" name="SampleTest" time="9.983" errors="0" timestamp="2022-05-09T15:56:49 EEST" skipped="0">
  <testcase classname="SampleTest" name="Test1" time="9.983"/>
  <system-out/>
</testsuite> <!-- SampleTest -->
