<?xml version="1.0" encoding="UTF-8"?>
<!-- Generated by org.testng.reporters.JUnitReportReporter -->
<testsuite hostname="BUK30LAP4000760" failures="0" tests="3" name="Altex.tests.TestSauceDemoPage" time="10.932" errors="0" timestamp="2022-05-20T09:15:35 EEST" skipped="0">
  <testcase classname="Altex.tests.TestSauceDemoPage" name="TestLogin" time="4.644"/>
  <system-out/>
  <testcase classname="Altex.tests.TestSauceDemoPage" name="TestAddingProductsAndViewCart" time="2.893"/>
  <system-out/>
  <testcase classname="Altex.tests.TestSauceDemoPage" name="TestPlaceOrder" time="3.395"/>
  <system-out/>
</testsuite> <!-- Altex.tests.TestSauceDemoPage -->
